<?xml version="1.0" encoding="UTF-8"?>
<testng-results ignored="0" total="1" passed="1" failed="0" skipped="0">
  <reporter-output>
  </reporter-output>
  <suite started-at="2022-08-27T15:23:15Z" name="Default suite" finished-at="2022-08-27T15:23:19Z" duration-ms="3773">
    <groups>
    </groups>
    <test started-at="2022-08-27T15:23:15Z" name="Default test" finished-at="2022-08-27T15:23:19Z" duration-ms="3773">
      <class name="prueba.NewTestSel">
        <test-method signature="testsel()[pri:0, instance:prueba.NewTestSel@7ce69770]" started-at="2022-08-27T11:23:15Z" name="testsel" finished-at="2022-08-27T11:23:19Z" duration-ms="3753" status="PASS">
          <reporter-output>
          </reporter-output>
        </test-method> <!-- testsel -->
      </class> <!-- prueba.NewTestSel -->
    </test> <!-- Default test -->
  </suite> <!-- Default suite -->
</testng-results>
